<?xml version="1.0" encoding="UTF-8"?>
<!-- Generated by org.testng.reporters.JUnitReportReporter -->
<testsuite hostname="SIDMUKHE-IN" failures="0" tests="1" name="pomSetup.SearchFlightPage" time="9.831" errors="0" timestamp="02 Aug 2019 18:56:02 GMT" skipped="0">
  <testcase classname="pomSetup.SearchFlightPage" name="searchFlight" time="9.831"/>
</testsuite> <!-- pomSetup.SearchFlightPage -->
