<?xml version="1.0" encoding="UTF-8"?>
<!-- Generated by org.testng.reporters.JUnitReportReporter -->
<testsuite hostname="SIDMUKHE-IN" failures="0" tests="1" name="pomSetup.SearchFlightPage" time="12.405" errors="0" timestamp="02 Aug 2019 20:04:46 GMT" skipped="0">
  <testcase classname="pomSetup.SearchFlightPage" name="searchFlight" time="12.405"/>
</testsuite> <!-- pomSetup.SearchFlightPage -->
