<?xml version="1.0" encoding="UTF-8"?>
<!-- Generated by org.testng.reporters.JUnitReportReporter -->
<testsuite hostname="SIDMUKHE-IN" failures="0" tests="1" name="pomSetup.SearchFlightPage" time="3.654" errors="0" timestamp="02 Aug 2019 15:58:22 GMT" skipped="0">
  <testcase classname="pomSetup.SearchFlightPage" name="searchFlight" time="3.654"/>
</testsuite> <!-- pomSetup.SearchFlightPage -->
