<?xml version="1.0" encoding="UTF-8"?>
<!-- Generated by org.testng.reporters.JUnitReportReporter -->
<testsuite hostname="SIDMUKHE-IN" failures="0" tests="1" name="pomSetup.SearchFlightPage" time="8.261" errors="0" timestamp="31 Jul 2019 05:50:15 GMT" skipped="0">
  <testcase classname="pomSetup.SearchFlightPage" name="searchFlight" time="8.261"/>
</testsuite> <!-- pomSetup.SearchFlightPage -->
