<?xml version="1.0" encoding="UTF-8"?>
<!-- Generated by org.testng.reporters.JUnitReportReporter -->
<testsuite hostname="SIDMUKHE-IN" failures="0" tests="6" name="com.sidmukhe.maventest.PracticeDependentTestCase" time="0.011" errors="0" timestamp="2 Aug 2019 18:44:40 GMT">
  <testcase classname="com.sidmukhe.maventest.PracticeDependentTestCase" name="driveSedanCar" time="0.007"/>
  <testcase classname="com.sidmukhe.maventest.PracticeDependentTestCase" name="driveHondaAccord" time="0.001"/>
  <testcase classname="com.sidmukhe.maventest.PracticeDependentTestCase" name="driveToyotaCorolla" time="0.000"/>
  <testcase classname="com.sidmukhe.maventest.PracticeDependentTestCase" name="driveActiva5G" time="0.001"/>
  <testcase classname="com.sidmukhe.maventest.PracticeDependentTestCase" name="driveAccess125" time="0.001"/>
  <testcase classname="com.sidmukhe.maventest.PracticeDependentTestCase" name="driveScooty" time="0.001"/>
</testsuite> <!-- com.sidmukhe.maventest.PracticeDependentTestCase -->
