<?xml version="1.0" encoding="UTF-8"?>
<!-- Generated by org.testng.reporters.JUnitReportReporter -->
<testsuite hostname="SIDMUKHE-IN" failures="0" tests="1" name="com.sidmukhe.maventest.SearchFlightPage" time="2.825" errors="0" timestamp="2 Aug 2019 18:41:49 GMT">
  <testcase classname="com.sidmukhe.maventest.SearchFlightPage" name="searchFlight" time="2.825"/>
</testsuite> <!-- com.sidmukhe.maventest.SearchFlightPage -->
