<?xml version="1.0" encoding="UTF-8"?>
<!-- Generated by org.testng.reporters.JUnitReportReporter -->
<testsuite hostname="SIDMUKHE-IN" failures="0" tests="1" name="pomSetup.SearchFlightPage" time="13.894" errors="0" timestamp="31 Jul 2019 05:56:29 GMT">
  <testcase classname="pomSetup.SearchFlightPage" name="searchFlight" time="13.894"/>
</testsuite> <!-- pomSetup.SearchFlightPage -->
