<?xml version="1.0" encoding="UTF-8"?>
<!-- Generated by org.testng.reporters.JUnitReportReporter -->
<testsuite hostname="SIDMUKHE-IN" failures="0" tests="1" name="com.sidmukhe.maventest.AppTest" time="0.003" errors="0" timestamp="31 Jul 2019 05:50:39 GMT">
  <testcase classname="com.sidmukhe.maventest.AppTest" name="shouldAnswerWithTrue" time="0.003"/>
</testsuite> <!-- com.sidmukhe.maventest.AppTest -->
