<?xml version="1.0" encoding="UTF-8"?>
<!-- Generated by org.testng.reporters.JUnitReportReporter -->
<testsuite hostname="SIDMUKHE-IN" failures="0" tests="2" name="com.sidmukhe.maventest.ParallelTest" time="3.001" errors="0" timestamp="2 Aug 2019 18:44:40 GMT">
  <testcase classname="com.sidmukhe.maventest.ParallelTest" name="driveHondaAccord" time="0.000"/>
  <testcase classname="com.sidmukhe.maventest.ParallelTest" name="driveToyotaCorolla" time="3.001"/>
</testsuite> <!-- com.sidmukhe.maventest.ParallelTest -->
