<?xml version="1.0" encoding="UTF-8"?>
<!-- Generated by org.testng.reporters.JUnitReportReporter -->
<testsuite hostname="SIDMUKHE-IN" failures="0" tests="1" name="com.sidmukhe.maventest.Practiceenabled" time="0.008" errors="0" timestamp="2 Aug 2019 18:44:40 GMT">
  <testcase classname="com.sidmukhe.maventest.Practiceenabled" name="printStringmessage" time="0.008"/>
</testsuite> <!-- com.sidmukhe.maventest.Practiceenabled -->
