<?xml version="1.0" encoding="UTF-8"?>
<!-- Generated by org.testng.reporters.JUnitReportReporter -->
<testsuite hostname="SIDMUKHE-IN" failures="0" tests="1" name="pomSetup.SearchFlightPage" time="9.897" errors="0" timestamp="2 Aug 2019 18:44:40 GMT">
  <testcase classname="pomSetup.SearchFlightPage" name="searchFlight" time="9.897"/>
</testsuite> <!-- pomSetup.SearchFlightPage -->
