<?xml version="1.0" encoding="UTF-8"?>
<!-- Generated by org.testng.reporters.JUnitReportReporter -->
<testsuite hostname="SIDMUKHE-IN" failures="0" tests="2" name="com.sidmukhe.maventest.PracticeITestResult_Demo" time="0.002" errors="0" timestamp="2 Aug 2019 18:44:40 GMT">
  <testcase classname="com.sidmukhe.maventest.PracticeITestResult_Demo" name="secondOne" time="0.002"/>
  <testcase classname="com.sidmukhe.maventest.PracticeITestResult_Demo" name="firstOne" time="0.000"/>
</testsuite> <!-- com.sidmukhe.maventest.PracticeITestResult_Demo -->
